Connecting to database specified by database.yml
Connecting to database specified by database.yml
  [1m[36m (0.2ms)[0m  [1mselect sqlite_version(*)[0m
  [1m[35m (24.3ms)[0m  CREATE TABLE "schema_migrations" ("version" varchar(255) NOT NULL) 
  [1m[36m (7.2ms)[0m  [1mCREATE UNIQUE INDEX "unique_schema_migrations" ON "schema_migrations" ("version")[0m
  [1m[35m (17.8ms)[0m  SELECT "schema_migrations"."version" FROM "schema_migrations" 
Migrating to CreateAccessories (20130617033208)
  [1m[36m (0.1ms)[0m  [1mbegin transaction[0m
  [1m[35m (0.5ms)[0m  CREATE TABLE "accessories" ("id" INTEGER PRIMARY KEY AUTOINCREMENT NOT NULL, "name" varchar(255), "price" float, "nationality" varchar(255), "created_at" datetime NOT NULL, "updated_at" datetime NOT NULL) 
  [1m[36m (0.1ms)[0m  [1mINSERT INTO "schema_migrations" ("version") VALUES ('20130617033208')[0m
  [1m[35m (29.2ms)[0m  commit transaction
  [1m[36m (0.1ms)[0m  [1mSELECT "schema_migrations"."version" FROM "schema_migrations" [0m
Connecting to database specified by database.yml
Connecting to database specified by database.yml


Started GET "/accessories.json" for 127.0.0.1 at 2013-06-17 01:32:12 -0300
Processing by AccessoriesController#index as JSON
  [1m[36mAccessory Load (0.1ms)[0m  [1mSELECT "accessories".* FROM "accessories" [0m
  Rendered accessories/index.rabl (2.9ms)
Completed 200 OK in 114ms (Views: 39.0ms | ActiveRecord: 2.4ms)


Started GET "/accessories.json" for 127.0.0.1 at 2013-06-17 01:34:33 -0300
Processing by AccessoriesController#index as JSON
  [1m[35mAccessory Load (0.3ms)[0m  SELECT "accessories".* FROM "accessories" 
  Rendered accessories/index.rabl (1.7ms)
Completed 200 OK in 4ms (Views: 3.0ms | ActiveRecord: 0.3ms)
Connecting to database specified by database.yml
Connecting to database specified by database.yml


Started GET "/accessories.json" for 127.0.0.1 at 2013-06-17 11:42:54 -0300
Processing by AccessoriesController#index as JSON
  [1m[36mAccessory Load (0.1ms)[0m  [1mSELECT "accessories".* FROM "accessories" [0m
  Rendered accessories/index.rabl (9.4ms)
Completed 200 OK in 189ms (Views: 70.4ms | ActiveRecord: 6.2ms)


Started GET "/accesories" for 127.0.0.1 at 2013-06-17 11:44:22 -0300

ActionController::RoutingError (No route matches [GET] "/accesories"):
  actionpack (3.2.13) lib/action_dispatch/middleware/debug_exceptions.rb:21:in `call'
  actionpack (3.2.13) lib/action_dispatch/middleware/show_exceptions.rb:56:in `call'
  railties (3.2.13) lib/rails/rack/logger.rb:32:in `call_app'
  railties (3.2.13) lib/rails/rack/logger.rb:16:in `block in call'
  activesupport (3.2.13) lib/active_support/tagged_logging.rb:22:in `tagged'
  railties (3.2.13) lib/rails/rack/logger.rb:16:in `call'
  actionpack (3.2.13) lib/action_dispatch/middleware/request_id.rb:22:in `call'
  rack (1.4.5) lib/rack/runtime.rb:17:in `call'
  activesupport (3.2.13) lib/active_support/cache/strategy/local_cache.rb:72:in `call'
  rack (1.4.5) lib/rack/lock.rb:15:in `call'
  actionpack (3.2.13) lib/action_dispatch/middleware/static.rb:63:in `call'
  railties (3.2.13) lib/rails/engine.rb:479:in `call'
  railties (3.2.13) lib/rails/application.rb:223:in `call'
  rack (1.4.5) lib/rack/content_length.rb:14:in `call'
  railties (3.2.13) lib/rails/rack/log_tailer.rb:17:in `call'
  rack (1.4.5) lib/rack/handler/webrick.rb:59:in `service'
  /home/web/.rvm/rubies/ruby-1.9.3-p392/lib/ruby/1.9.1/webrick/httpserver.rb:138:in `service'
  /home/web/.rvm/rubies/ruby-1.9.3-p392/lib/ruby/1.9.1/webrick/httpserver.rb:94:in `run'
  /home/web/.rvm/rubies/ruby-1.9.3-p392/lib/ruby/1.9.1/webrick/server.rb:191:in `block in start_thread'


  Rendered /home/web/.rvm/gems/ruby-1.9.3-p392/gems/actionpack-3.2.13/lib/action_dispatch/middleware/templates/rescues/routing_error.erb within rescues/layout (5.7ms)


Started GET "/accessories" for 127.0.0.1 at 2013-06-17 11:44:32 -0300
Processing by AccessoriesController#index as HTML
  [1m[35mAccessory Load (0.1ms)[0m  SELECT "accessories".* FROM "accessories" 
  Rendered accessories/index.rabl (2.6ms)
Completed 200 OK in 28ms (Views: 4.0ms | ActiveRecord: 0.7ms)


Started GET "/accessories" for 127.0.0.1 at 2013-06-17 11:45:45 -0300
Processing by AccessoriesController#index as HTML
  [1m[36mAccessory Load (0.1ms)[0m  [1mSELECT "accessories".* FROM "accessories" [0m
  Rendered accessories/index.rabl (4.5ms)
Completed 200 OK in 25ms (Views: 5.9ms | ActiveRecord: 4.9ms)


Started GET "/accessories.json" for 127.0.0.1 at 2013-06-17 11:45:50 -0300
Processing by AccessoriesController#index as JSON
  [1m[35mAccessory Load (0.2ms)[0m  SELECT "accessories".* FROM "accessories" 
  Rendered accessories/index.rabl (8.2ms)
Completed 200 OK in 13ms (Views: 9.4ms | ActiveRecord: 0.2ms)


Started GET "/accessories.json" for 127.0.0.1 at 2013-06-17 11:45:54 -0300
Processing by AccessoriesController#index as JSON
  [1m[36mAccessory Load (0.3ms)[0m  [1mSELECT "accessories".* FROM "accessories" [0m
  Rendered accessories/index.rabl (3.0ms)
Completed 200 OK in 6ms (Views: 4.3ms | ActiveRecord: 0.3ms)


Started GET "/accessories.json" for 127.0.0.1 at 2013-06-17 13:33:21 -0300
Processing by AccessoriesController#index as JSON
  [1m[35mAccessory Load (0.3ms)[0m  SELECT "accessories".* FROM "accessories" 
  Rendered accessories/index.rabl (4.2ms)
Completed 200 OK in 7ms (Views: 5.5ms | ActiveRecord: 0.3ms)


Started GET "/accessories.json" for 127.0.0.1 at 2013-06-17 13:45:23 -0300
Processing by AccessoriesController#index as JSON
  [1m[36mAccessory Load (0.2ms)[0m  [1mSELECT "accessories".* FROM "accessories" [0m
  Rendered accessories/index.rabl (3.1ms)
Completed 200 OK in 5ms (Views: 4.3ms | ActiveRecord: 0.2ms)


Started GET "/accessories.json" for 127.0.0.1 at 2013-06-17 13:53:18 -0300
Processing by AccessoriesController#index as JSON
  [1m[35mAccessory Load (0.1ms)[0m  SELECT "accessories".* FROM "accessories" 
  Rendered accessories/index.rabl (2.7ms)
Completed 200 OK in 5ms (Views: 3.6ms | ActiveRecord: 0.1ms)


Started GET "/accessories.json" for 127.0.0.1 at 2013-06-17 15:01:58 -0300
Processing by AccessoriesController#index as JSON
  [1m[36mAccessory Load (0.2ms)[0m  [1mSELECT "accessories".* FROM "accessories" [0m
  Rendered accessories/index.rabl (4.6ms)
Completed 200 OK in 7ms (Views: 5.6ms | ActiveRecord: 0.2ms)


Started GET "/accessories.json" for 127.0.0.1 at 2013-06-17 15:24:21 -0300
Processing by AccessoriesController#index as JSON
  [1m[35mAccessory Load (0.3ms)[0m  SELECT "accessories".* FROM "accessories" 
  Rendered accessories/index.rabl (2.9ms)
Completed 200 OK in 8ms (Views: 3.7ms | ActiveRecord: 0.3ms)


Started GET "/accessories.json" for 127.0.0.1 at 2013-06-17 15:24:30 -0300
Processing by AccessoriesController#index as JSON
  [1m[36mAccessory Load (0.2ms)[0m  [1mSELECT "accessories".* FROM "accessories" [0m
  Rendered accessories/index.rabl (3.4ms)
Completed 200 OK in 11ms (Views: 4.5ms | ActiveRecord: 0.2ms)


Started GET "/accessories.json" for 127.0.0.1 at 2013-06-17 15:46:02 -0300
Processing by AccessoriesController#index as JSON
  [1m[35mAccessory Load (0.3ms)[0m  SELECT "accessories".* FROM "accessories" 
  Rendered accessories/index.rabl (3.0ms)
Completed 200 OK in 5ms (Views: 4.0ms | ActiveRecord: 0.3ms)


Started GET "/accessories.json" for 127.0.0.1 at 2013-06-17 15:47:46 -0300
Processing by AccessoriesController#index as JSON
  [1m[36mAccessory Load (0.3ms)[0m  [1mSELECT "accessories".* FROM "accessories" [0m
  Rendered accessories/index.rabl (2.7ms)
Completed 200 OK in 6ms (Views: 3.6ms | ActiveRecord: 0.3ms)
Connecting to database specified by database.yml
Connecting to database specified by database.yml


Started GET "/accessories.json" for 127.0.0.1 at 2013-06-19 20:23:55 -0300
Processing by AccessoriesController#index as JSON
  [1m[36mAccessory Load (0.1ms)[0m  [1mSELECT "accessories".* FROM "accessories" [0m
  Rendered accessories/index.rabl (6.3ms)
Completed 200 OK in 111ms (Views: 46.8ms | ActiveRecord: 2.5ms)
Connecting to database specified by database.yml


Started GET "/accessories.json" for 127.0.0.1 at 2013-06-23 17:58:59 -0300
Processing by AccessoriesController#index as JSON
  [1m[36mAccessory Load (0.2ms)[0m  [1mSELECT "accessories".* FROM "accessories" [0m
  Rendered accessories/index.rabl (5.4ms)
Completed 200 OK in 134ms (Views: 44.5ms | ActiveRecord: 3.2ms)
Connecting to database specified by database.yml
Connecting to database specified by database.yml
Connecting to database specified by database.yml
